INFO:root:Starting system monitor...
INFO:root:Disk usage: 14.9%
INFO:root:CPU usage: 6.0%
INFO:werkzeug:[31m[1mWARNING: This is a development server. Do not use it in a production deployment. Use a production WSGI server instead.[0m
 * Running on http://127.0.0.1:5000
INFO:werkzeug:[33mPress CTRL+C to quit[0m
INFO:werkzeug: * Restarting with stat
INFO:root:Starting system monitor...
INFO:root:Disk usage: 14.9%
INFO:root:CPU usage: 1.3%
WARNING:werkzeug: * Debugger is active!
INFO:werkzeug: * Debugger PIN: 128-629-198
INFO:root:Starting system monitor...
INFO:root:Disk usage: 14.9%
INFO:root:CPU usage: 0.2%
INFO:werkzeug:[31m[1mWARNING: This is a development server. Do not use it in a production deployment. Use a production WSGI server instead.[0m
 * Running on http://127.0.0.1:5000
INFO:werkzeug:[33mPress CTRL+C to quit[0m
INFO:werkzeug: * Restarting with stat
INFO:root:Starting system monitor...
INFO:root:Disk usage: 14.9%
INFO:root:CPU usage: 0.3%
WARNING:werkzeug: * Debugger is active!
INFO:werkzeug: * Debugger PIN: 128-629-198
INFO:werkzeug: * Detected change in 'C:\\Users\\bhc11\\Worm-detector\\comprehensive_monitor.py', reloading
INFO:werkzeug: * Restarting with stat
INFO:root:Starting system monitor...
INFO:root:Disk usage: 14.9%
INFO:root:CPU usage: 2.8%
WARNING:werkzeug: * Debugger is active!
INFO:werkzeug: * Debugger PIN: 128-629-198
INFO:werkzeug: * Detected change in 'C:\\Users\\bhc11\\Worm-detector\\comprehensive_monitor.py', reloading
INFO:werkzeug: * Restarting with stat
INFO:root:Starting system monitor...
INFO:root:Disk usage: 14.9%
INFO:root:CPU usage: 3.3%
WARNING:werkzeug: * Debugger is active!
INFO:werkzeug: * Debugger PIN: 128-629-198
